{"uuid":"00207fc4-a82e-47b1-8759-21f202167f4a","historyId":"e6f488d5da1ced9b65c7a40b8d1b8241","fullName":"src/test/resources/features/newsPage.feature:23","labels":[{"name":"tag","value":"NewsTest"},{"name":"tag","value":"FilterNews"},{"name":"host","value":"LAPTOP-65K5U4D1"},{"name":"thread","value":"21996@LAPTOP-65K5U4D1.Test worker(1)"},{"name":"feature","value":"Тестирование новостной страницы сайта"},{"name":"story","value":"Проверка смены категории в фильтре новостей"},{"name":"suite","value":"Тестирование новостной страницы сайта"},{"name":"testClass","value":"Проверка смены категории в фильтре новостей"},{"name":"framework","value":"cucumber4jvm"},{"name":"language","value":"java"},{"name":"gherkin_uri","value":"file:///C:/Users/BSPB/IdeaProjects/BSBPAutoTest/src/test/resources/features/newsPage.feature"},{"name":"package","value":"src.test.resources.features.newsPage_feature.Тестирование новостной страницы сайта"}],"links":[],"name":"Проверка смены категории в фильтре новостей","status":"broken","statusDetails":{"known":false,"muted":false,"flaky":false,"message":"stale element reference: stale element not found\n  (Session info: chrome=119.0.6045.200)\nFor documentation on this error, please visit: https://www.selenium.dev/documentation/webdriver/troubleshooting/errors#stale-element-reference-exception\nBuild info: version: '4.15.0', revision: '1d14b5521b'\nSystem info: os.name: 'Windows 10', os.arch: 'amd64', os.version: '10.0', java.version: '17.0.9'\nDriver info: org.openqa.selenium.chrome.ChromeDriver\nCommand: [e80d064b9ce91d4a06ec7544bb2f0c51, getElementText {id=F87EA1B800E0431DFB1EA343852998A9_element_84}]\nCapabilities {acceptInsecureCerts: false, browserName: chrome, browserVersion: 119.0.6045.200, chrome: {chromedriverVersion: 119.0.6045.105 (38c72552c5e..., userDataDir: C:\\Users\\BSPB\\AppData\\Local...}, fedcm:accounts: true, goog:chromeOptions: {debuggerAddress: localhost:61862}, networkConnectionEnabled: false, pageLoadStrategy: normal, platformName: windows, proxy: Proxy(), se:cdp: ws://localhost:61862/devtoo..., se:cdpVersion: 119.0.6045.200, setWindowRect: true, strictFileInteractability: false, timeouts: {implicit: 0, pageLoad: 300000, script: 30000}, unhandledPromptBehavior: dismiss and notify, webauthn:extension:credBlob: true, webauthn:extension:largeBlob: true, webauthn:extension:minPinLength: true, webauthn:extension:prf: true, webauthn:virtualAuthenticators: true}\nElement: [[ChromeDriver: chrome on windows (e80d064b9ce91d4a06ec7544bb2f0c51)] -> xpath: .//div[@class = 'css-2imjyh']/span[@class='css-sid0p6']]\nSession ID: e80d064b9ce91d4a06ec7544bb2f0c51","trace":"org.openqa.selenium.StaleElementReferenceException: stale element reference: stale element not found\n  (Session info: chrome=119.0.6045.200)\nFor documentation on this error, please visit: https://www.selenium.dev/documentation/webdriver/troubleshooting/errors#stale-element-reference-exception\nBuild info: version: '4.15.0', revision: '1d14b5521b'\nSystem info: os.name: 'Windows 10', os.arch: 'amd64', os.version: '10.0', java.version: '17.0.9'\nDriver info: org.openqa.selenium.chrome.ChromeDriver\nCommand: [e80d064b9ce91d4a06ec7544bb2f0c51, getElementText {id=F87EA1B800E0431DFB1EA343852998A9_element_84}]\nCapabilities {acceptInsecureCerts: false, browserName: chrome, browserVersion: 119.0.6045.200, chrome: {chromedriverVersion: 119.0.6045.105 (38c72552c5e..., userDataDir: C:\\Users\\BSPB\\AppData\\Local...}, fedcm:accounts: true, goog:chromeOptions: {debuggerAddress: localhost:61862}, networkConnectionEnabled: false, pageLoadStrategy: normal, platformName: windows, proxy: Proxy(), se:cdp: ws://localhost:61862/devtoo..., se:cdpVersion: 119.0.6045.200, setWindowRect: true, strictFileInteractability: false, timeouts: {implicit: 0, pageLoad: 300000, script: 30000}, unhandledPromptBehavior: dismiss and notify, webauthn:extension:credBlob: true, webauthn:extension:largeBlob: true, webauthn:extension:minPinLength: true, webauthn:extension:prf: true, webauthn:virtualAuthenticators: true}\nElement: [[ChromeDriver: chrome on windows (e80d064b9ce91d4a06ec7544bb2f0c51)] -> xpath: .//div[@class = 'css-2imjyh']/span[@class='css-sid0p6']]\nSession ID: e80d064b9ce91d4a06ec7544bb2f0c51\r\n\tat java.base/jdk.internal.reflect.NativeConstructorAccessorImpl.newInstance0(Native Method)\r\n\tat java.base/jdk.internal.reflect.NativeConstructorAccessorImpl.newInstance(NativeConstructorAccessorImpl.java:77)\r\n\tat java.base/jdk.internal.reflect.DelegatingConstructorAccessorImpl.newInstance(DelegatingConstructorAccessorImpl.java:45)\r\n\tat java.base/java.lang.reflect.Constructor.newInstanceWithCaller(Constructor.java:499)\r\n\tat java.base/java.lang.reflect.Constructor.newInstance(Constructor.java:480)\r\n\tat org.openqa.selenium.remote.codec.w3c.W3CHttpResponseCodec.createException(W3CHttpResponseCodec.java:200)\r\n\tat org.openqa.selenium.remote.codec.w3c.W3CHttpResponseCodec.decode(W3CHttpResponseCodec.java:133)\r\n\tat org.openqa.selenium.remote.codec.w3c.W3CHttpResponseCodec.decode(W3CHttpResponseCodec.java:52)\r\n\tat org.openqa.selenium.remote.HttpCommandExecutor.execute(HttpCommandExecutor.java:191)\r\n\tat org.openqa.selenium.remote.service.DriverCommandExecutor.invokeExecute(DriverCommandExecutor.java:200)\r\n\tat org.openqa.selenium.remote.service.DriverCommandExecutor.execute(DriverCommandExecutor.java:175)\r\n\tat org.openqa.selenium.remote.RemoteWebDriver.execute(RemoteWebDriver.java:607)\r\n\tat org.openqa.selenium.remote.RemoteWebElement.execute(RemoteWebElement.java:224)\r\n\tat org.openqa.selenium.remote.RemoteWebElement.getText(RemoteWebElement.java:192)\r\n\tat org.assertj.core.api.iterable.ThrowingExtractor.apply(ThrowingExtractor.java:36)\r\n\tat java.base/java.util.stream.ReferencePipeline$3$1.accept(ReferencePipeline.java:197)\r\n\tat java.base/java.util.ArrayList$ArrayListSpliterator.forEachRemaining(ArrayList.java:1625)\r\n\tat java.base/java.util.stream.AbstractPipeline.copyInto(AbstractPipeline.java:509)\r\n\tat java.base/java.util.stream.AbstractPipeline.wrapAndCopyInto(AbstractPipeline.java:499)\r\n\tat java.base/java.util.stream.ReduceOps$ReduceOp.evaluateSequential(ReduceOps.java:921)\r\n\tat java.base/java.util.stream.AbstractPipeline.evaluate(AbstractPipeline.java:234)\r\n\tat java.base/java.util.stream.ReferencePipeline.collect(ReferencePipeline.java:682)\r\n\tat org.assertj.core.groups.FieldsOrPropertiesExtractor.extract(FieldsOrPropertiesExtractor.java:64)\r\n\tat org.assertj.core.api.AbstractIterableAssert.internalExtracting(AbstractIterableAssert.java:1397)\r\n\tat org.assertj.core.api.AbstractIterableAssert.extracting(AbstractIterableAssert.java:1477)\r\n\tat ru.karpov.NewsPageSteps.все_отобразившиеся_новости_имеют_данную_категорию(NewsPageSteps.java:89)\r\n\tat ✽.все отобразившиеся новости имеют \"ЧАСТНЫМ КЛИЕНТАМ\"(file:///C:/Users/BSPB/IdeaProjects/BSBPAutoTest/src/test/resources/features/newsPage.feature:19)\r\n"},"stage":"finished","steps":[{"name":"Дано  перейти по url \"https://www.bspb.ru/news?client_type_id=\"","status":"passed","statusDetails":{"known":false,"muted":false,"flaky":false},"stage":"finished","steps":[],"attachments":[],"parameters":[],"start":1701860443871,"stop":1701860447215},{"name":"Когда  пользователь выбирает \"Частным клиентам\"","status":"passed","statusDetails":{"known":false,"muted":false,"flaky":false},"stage":"finished","steps":[],"attachments":[],"parameters":[],"start":1701860447217,"stop":1701860448382},{"name":"Тогда  все отобразившиеся новости имеют \"ЧАСТНЫМ КЛИЕНТАМ\"","status":"broken","statusDetails":{"known":false,"muted":false,"flaky":false,"message":"stale element reference: stale element not found\n  (Session info: chrome=119.0.6045.200)\nFor documentation on this error, please visit: https://www.selenium.dev/documentation/webdriver/troubleshooting/errors#stale-element-reference-exception\nBuild info: version: '4.15.0', revision: '1d14b5521b'\nSystem info: os.name: 'Windows 10', os.arch: 'amd64', os.version: '10.0', java.version: '17.0.9'\nDriver info: org.openqa.selenium.chrome.ChromeDriver\nCommand: [e80d064b9ce91d4a06ec7544bb2f0c51, getElementText {id=F87EA1B800E0431DFB1EA343852998A9_element_84}]\nCapabilities {acceptInsecureCerts: false, browserName: chrome, browserVersion: 119.0.6045.200, chrome: {chromedriverVersion: 119.0.6045.105 (38c72552c5e..., userDataDir: C:\\Users\\BSPB\\AppData\\Local...}, fedcm:accounts: true, goog:chromeOptions: {debuggerAddress: localhost:61862}, networkConnectionEnabled: false, pageLoadStrategy: normal, platformName: windows, proxy: Proxy(), se:cdp: ws://localhost:61862/devtoo..., se:cdpVersion: 119.0.6045.200, setWindowRect: true, strictFileInteractability: false, timeouts: {implicit: 0, pageLoad: 300000, script: 30000}, unhandledPromptBehavior: dismiss and notify, webauthn:extension:credBlob: true, webauthn:extension:largeBlob: true, webauthn:extension:minPinLength: true, webauthn:extension:prf: true, webauthn:virtualAuthenticators: true}\nElement: [[ChromeDriver: chrome on windows (e80d064b9ce91d4a06ec7544bb2f0c51)] -> xpath: .//div[@class = 'css-2imjyh']/span[@class='css-sid0p6']]\nSession ID: e80d064b9ce91d4a06ec7544bb2f0c51","trace":"org.openqa.selenium.StaleElementReferenceException: stale element reference: stale element not found\n  (Session info: chrome=119.0.6045.200)\nFor documentation on this error, please visit: https://www.selenium.dev/documentation/webdriver/troubleshooting/errors#stale-element-reference-exception\nBuild info: version: '4.15.0', revision: '1d14b5521b'\nSystem info: os.name: 'Windows 10', os.arch: 'amd64', os.version: '10.0', java.version: '17.0.9'\nDriver info: org.openqa.selenium.chrome.ChromeDriver\nCommand: [e80d064b9ce91d4a06ec7544bb2f0c51, getElementText {id=F87EA1B800E0431DFB1EA343852998A9_element_84}]\nCapabilities {acceptInsecureCerts: false, browserName: chrome, browserVersion: 119.0.6045.200, chrome: {chromedriverVersion: 119.0.6045.105 (38c72552c5e..., userDataDir: C:\\Users\\BSPB\\AppData\\Local...}, fedcm:accounts: true, goog:chromeOptions: {debuggerAddress: localhost:61862}, networkConnectionEnabled: false, pageLoadStrategy: normal, platformName: windows, proxy: Proxy(), se:cdp: ws://localhost:61862/devtoo..., se:cdpVersion: 119.0.6045.200, setWindowRect: true, strictFileInteractability: false, timeouts: {implicit: 0, pageLoad: 300000, script: 30000}, unhandledPromptBehavior: dismiss and notify, webauthn:extension:credBlob: true, webauthn:extension:largeBlob: true, webauthn:extension:minPinLength: true, webauthn:extension:prf: true, webauthn:virtualAuthenticators: true}\nElement: [[ChromeDriver: chrome on windows (e80d064b9ce91d4a06ec7544bb2f0c51)] -> xpath: .//div[@class = 'css-2imjyh']/span[@class='css-sid0p6']]\nSession ID: e80d064b9ce91d4a06ec7544bb2f0c51\r\n\tat java.base/jdk.internal.reflect.NativeConstructorAccessorImpl.newInstance0(Native Method)\r\n\tat java.base/jdk.internal.reflect.NativeConstructorAccessorImpl.newInstance(NativeConstructorAccessorImpl.java:77)\r\n\tat java.base/jdk.internal.reflect.DelegatingConstructorAccessorImpl.newInstance(DelegatingConstructorAccessorImpl.java:45)\r\n\tat java.base/java.lang.reflect.Constructor.newInstanceWithCaller(Constructor.java:499)\r\n\tat java.base/java.lang.reflect.Constructor.newInstance(Constructor.java:480)\r\n\tat org.openqa.selenium.remote.codec.w3c.W3CHttpResponseCodec.createException(W3CHttpResponseCodec.java:200)\r\n\tat org.openqa.selenium.remote.codec.w3c.W3CHttpResponseCodec.decode(W3CHttpResponseCodec.java:133)\r\n\tat org.openqa.selenium.remote.codec.w3c.W3CHttpResponseCodec.decode(W3CHttpResponseCodec.java:52)\r\n\tat org.openqa.selenium.remote.HttpCommandExecutor.execute(HttpCommandExecutor.java:191)\r\n\tat org.openqa.selenium.remote.service.DriverCommandExecutor.invokeExecute(DriverCommandExecutor.java:200)\r\n\tat org.openqa.selenium.remote.service.DriverCommandExecutor.execute(DriverCommandExecutor.java:175)\r\n\tat org.openqa.selenium.remote.RemoteWebDriver.execute(RemoteWebDriver.java:607)\r\n\tat org.openqa.selenium.remote.RemoteWebElement.execute(RemoteWebElement.java:224)\r\n\tat org.openqa.selenium.remote.RemoteWebElement.getText(RemoteWebElement.java:192)\r\n\tat org.assertj.core.api.iterable.ThrowingExtractor.apply(ThrowingExtractor.java:36)\r\n\tat java.base/java.util.stream.ReferencePipeline$3$1.accept(ReferencePipeline.java:197)\r\n\tat java.base/java.util.ArrayList$ArrayListSpliterator.forEachRemaining(ArrayList.java:1625)\r\n\tat java.base/java.util.stream.AbstractPipeline.copyInto(AbstractPipeline.java:509)\r\n\tat java.base/java.util.stream.AbstractPipeline.wrapAndCopyInto(AbstractPipeline.java:499)\r\n\tat java.base/java.util.stream.ReduceOps$ReduceOp.evaluateSequential(ReduceOps.java:921)\r\n\tat java.base/java.util.stream.AbstractPipeline.evaluate(AbstractPipeline.java:234)\r\n\tat java.base/java.util.stream.ReferencePipeline.collect(ReferencePipeline.java:682)\r\n\tat org.assertj.core.groups.FieldsOrPropertiesExtractor.extract(FieldsOrPropertiesExtractor.java:64)\r\n\tat org.assertj.core.api.AbstractIterableAssert.internalExtracting(AbstractIterableAssert.java:1397)\r\n\tat org.assertj.core.api.AbstractIterableAssert.extracting(AbstractIterableAssert.java:1477)\r\n\tat ru.karpov.NewsPageSteps.все_отобразившиеся_новости_имеют_данную_категорию(NewsPageSteps.java:89)\r\n\tat ✽.все отобразившиеся новости имеют \"ЧАСТНЫМ КЛИЕНТАМ\"(file:///C:/Users/BSPB/IdeaProjects/BSBPAutoTest/src/test/resources/features/newsPage.feature:19)\r\n"},"stage":"finished","steps":[{"name":"assertThatList '[[[ChromeDriver: chrome on windows (e80d064b9ce91d4a06ec7544bb2f0c51)] -> xpath: .//div[@class = 'css-2imjyh']/span[@class='css-sid0p6']], [[ChromeDriver: chrome on windows (e80d064b9ce91d4a06ec7544bb2f0c51)] -> xpath: .//div[@class = 'css-2imjyh']/span[@class='css-sid0p6']], [[ChromeDriver: chrome on windows (e80d064b9ce91d4a06ec7544bb2f0c51)] -> xpath: .//div[@class = 'css-2imjyh']/span[@class='css-sid0p6']], [[ChromeDriver: chrome on windows (e80d064b9ce91d4a06ec7544bb2f0c51)] -> xpath: .//div[@class = 'css-2imjyh']/span[@class='css-sid0p6']], [[ChromeDriver: chrome on windows (e80d064b9ce91d4a06ec7544bb2f0c51)] -> xpath: .//div[@class = 'css-2imjyh']/span[@class='css-sid0p6']], [[ChromeDriver: chrome on windows (e80d064b9ce91d4a06ec7544bb2f0c51)] -> xpath: .//div[@class = 'css-2imjyh']/span[@class='css-sid0p6']], [[ChromeDriver: chrome on windows (e80d064b9ce91d4a06ec7544bb2f0c51)] -> xpath: .//div[@class = 'css-2imjyh']/span[@class='css-sid0p6']], [[ChromeDriver: chrome on windows (e80d064b9ce91d4a06ec7544bb2f0c51)] -> xpath: .//div[@class = 'css-2imjyh']/span[@class='css-sid0p6']], [[ChromeDriver: chrome on windows (e80d064b9ce91d4a06ec7544bb2f0c51)] -> xpath: .//div[@class = 'css-2imjyh']/span[@class='css-sid0p6']], [[ChromeDriver: chrome on windows (e80d064b9ce91d4a06ec7544bb2f0c51)] -> xpath: .//div[@class = 'css-2imjyh']/span[@class='css-sid0p6']], [[ChromeDriver: chrome on windows (e80d064b9ce91d4a06ec7544bb2f0c51)] -> xpath: .//div[@class = 'css-2imjyh']/span[@class='css-sid0p6']], [[ChromeDriver: chrome on windows (e80d064b9ce91d4a06ec7544bb2f0c51)] -> xpath: .//div[@class = 'css-2imjyh']/span[@class='css-sid0p6']], [[ChromeDriver: chrome on windows (e80d064b9ce91d4a06ec7544bb2f0c51)] -> xpath: .//div[@class = 'css-2imjyh']/span[@class='css-sid0p6']], [[ChromeDriver: chrome on windows (e80d064b9ce91d4a06ec7544bb2f0c51)] -> xpath: .//div[@class = 'css-2imjyh']/span[@class='css-sid0p6']], [[ChromeDriver: chrome on windows (e80d064b9ce91d4a06ec7544bb2f0c51)] -> xpath: .//div[@class = 'css-2imjyh']/span[@class='css-sid0p6']], [[ChromeDriver: chrome on windows (e80d064b9ce91d4a06ec7544bb2f0c51)] -> xpath: .//div[@class = 'css-2imjyh']/span[@class='css-sid0p6']], [[ChromeDriver: chrome on windows (e80d064b9ce91d4a06ec7544bb2f0c51)] -> xpath: .//div[@class = 'css-2imjyh']/span[@class='css-sid0p6']], [[ChromeDriver: chrome on windows (e80d064b9ce91d4a06ec7544bb2f0c51)] -> xpath: .//div[@class = 'css-2imjyh']/span[@class='css-sid0p6']], [[ChromeDriver: chrome on windows (e80d064b9ce91d4a06ec7544bb2f0c51)] -> xpath: .//div[@class = 'css-2imjyh']/span[@class='css-sid0p6']], [[ChromeDriver: chrome on windows (e80d064b9ce91d4a06ec7544bb2f0c51)] -> xpath: .//div[@class = 'css-2imjyh']/span[@class='css-sid0p6']], [[ChromeDriver: chrome on windows (e80d064b9ce91d4a06ec7544bb2f0c51)] -> xpath: .//div[@class = 'css-2imjyh']/span[@class='css-sid0p6']], [[ChromeDriver: chrome on windows (e80d064b9ce91d4a06ec7544bb2f0c51)] -> xpath: .//div[@class = 'css-2imjyh']/span[@class='css-sid0p6']], [[ChromeDriver: chrome on windows (e80d064b9ce91d4a06ec7544bb2f0c51)] -> xpath: .//div[@class = 'css-2imjyh']/span[@class='css-sid0p6']], [[ChromeDriver: chrome on windows (e80d064b9ce91d4a06ec7544bb2f0c51)] -> xpath: .//div[@class = 'css-2imjyh']/span[@class='css-sid0p6']], [[ChromeDriver: chrome on windows (e80d064b9ce91d4a06ec7544bb2f0c51)] -> xpath: .//div[@class = 'css-2imjyh']/span[@class='css-sid0p6']], [[ChromeDriver: chrome on windows (e80d064b9ce91d4a06ec7544bb2f0c51)] -> xpath: .//div[@class = 'css-2imjyh']/span[@class='css-sid0p6']], [[ChromeDriver: chrome on windows (e80d064b9ce91d4a06ec7544bb2f0c51)] -> xpath: .//div[@class = 'css-2imjyh']/span[@class='css-sid0p6']], [[ChromeDriver: chrome on windows (e80d064b9ce91d4a06ec7544bb2f0c51)] -> xpath: .//div[@class = 'css-2imjyh']/span[@class='css-sid0p6']], [[ChromeDriver: chrome on windows (e80d064b9ce91d4a06ec7544bb2f0c51)] -> xpath: .//div[@class = 'css-2imjyh']/span[@class='css-sid0p6']], [[ChromeDriver: chrome on windows (e80d064b9ce91d4a06ec7544bb2f0c51)] -> xpath: .//div[@class = 'css-2imjyh']/span[@class='css-sid0p6']], [[ChromeDriver: chrome on windows (e80d064b9ce91d4a06ec7544bb2f0c51)] -> xpath: .//div[@class = 'css-2imjyh']/span[@class='css-sid0p6']], [[ChromeDriver: chrome on windows (e80d064b9ce91d4a06ec7544bb2f0c51)] -> xpath: .//div[@class = 'css-2imjyh']/span[@class='css-sid0p6']], [[ChromeDriver: chrome on windows (e80d064b9ce91d4a06ec7544bb2f0c51)] -> xpath: .//div[@class = 'css-2imjyh']/span[@class='css-sid0p6']], [[ChromeDriver: chrome on windows (e80d064b9ce91d4a06ec7544bb2f0c51)] -> xpath: .//div[@class = 'css-2imjyh']/span[@class='css-sid0p6']]]'","status":"passed","stage":"finished","steps":[{"name":"assertThat '[[[ChromeDriver: chrome on windows (e80d064b9ce91d4a06ec7544bb2f0c51)] -> xpath: .//div[@class = 'css-2imjyh']/span[@class='css-sid0p6']], [[ChromeDriver: chrome on windows (e80d064b9ce91d4a06ec7544bb2f0c51)] -> xpath: .//div[@class = 'css-2imjyh']/span[@class='css-sid0p6']], [[ChromeDriver: chrome on windows (e80d064b9ce91d4a06ec7544bb2f0c51)] -> xpath: .//div[@class = 'css-2imjyh']/span[@class='css-sid0p6']], [[ChromeDriver: chrome on windows (e80d064b9ce91d4a06ec7544bb2f0c51)] -> xpath: .//div[@class = 'css-2imjyh']/span[@class='css-sid0p6']], [[ChromeDriver: chrome on windows (e80d064b9ce91d4a06ec7544bb2f0c51)] -> xpath: .//div[@class = 'css-2imjyh']/span[@class='css-sid0p6']], [[ChromeDriver: chrome on windows (e80d064b9ce91d4a06ec7544bb2f0c51)] -> xpath: .//div[@class = 'css-2imjyh']/span[@class='css-sid0p6']], [[ChromeDriver: chrome on windows (e80d064b9ce91d4a06ec7544bb2f0c51)] -> xpath: .//div[@class = 'css-2imjyh']/span[@class='css-sid0p6']], [[ChromeDriver: chrome on windows (e80d064b9ce91d4a06ec7544bb2f0c51)] -> xpath: .//div[@class = 'css-2imjyh']/span[@class='css-sid0p6']], [[ChromeDriver: chrome on windows (e80d064b9ce91d4a06ec7544bb2f0c51)] -> xpath: .//div[@class = 'css-2imjyh']/span[@class='css-sid0p6']], [[ChromeDriver: chrome on windows (e80d064b9ce91d4a06ec7544bb2f0c51)] -> xpath: .//div[@class = 'css-2imjyh']/span[@class='css-sid0p6']], [[ChromeDriver: chrome on windows (e80d064b9ce91d4a06ec7544bb2f0c51)] -> xpath: .//div[@class = 'css-2imjyh']/span[@class='css-sid0p6']], [[ChromeDriver: chrome on windows (e80d064b9ce91d4a06ec7544bb2f0c51)] -> xpath: .//div[@class = 'css-2imjyh']/span[@class='css-sid0p6']], [[ChromeDriver: chrome on windows (e80d064b9ce91d4a06ec7544bb2f0c51)] -> xpath: .//div[@class = 'css-2imjyh']/span[@class='css-sid0p6']], [[ChromeDriver: chrome on windows (e80d064b9ce91d4a06ec7544bb2f0c51)] -> xpath: .//div[@class = 'css-2imjyh']/span[@class='css-sid0p6']], [[ChromeDriver: chrome on windows (e80d064b9ce91d4a06ec7544bb2f0c51)] -> xpath: .//div[@class = 'css-2imjyh']/span[@class='css-sid0p6']], [[ChromeDriver: chrome on windows (e80d064b9ce91d4a06ec7544bb2f0c51)] -> xpath: .//div[@class = 'css-2imjyh']/span[@class='css-sid0p6']], [[ChromeDriver: chrome on windows (e80d064b9ce91d4a06ec7544bb2f0c51)] -> xpath: .//div[@class = 'css-2imjyh']/span[@class='css-sid0p6']], [[ChromeDriver: chrome on windows (e80d064b9ce91d4a06ec7544bb2f0c51)] -> xpath: .//div[@class = 'css-2imjyh']/span[@class='css-sid0p6']], [[ChromeDriver: chrome on windows (e80d064b9ce91d4a06ec7544bb2f0c51)] -> xpath: .//div[@class = 'css-2imjyh']/span[@class='css-sid0p6']], [[ChromeDriver: chrome on windows (e80d064b9ce91d4a06ec7544bb2f0c51)] -> xpath: .//div[@class = 'css-2imjyh']/span[@class='css-sid0p6']], [[ChromeDriver: chrome on windows (e80d064b9ce91d4a06ec7544bb2f0c51)] -> xpath: .//div[@class = 'css-2imjyh']/span[@class='css-sid0p6']], [[ChromeDriver: chrome on windows (e80d064b9ce91d4a06ec7544bb2f0c51)] -> xpath: .//div[@class = 'css-2imjyh']/span[@class='css-sid0p6']], [[ChromeDriver: chrome on windows (e80d064b9ce91d4a06ec7544bb2f0c51)] -> xpath: .//div[@class = 'css-2imjyh']/span[@class='css-sid0p6']], [[ChromeDriver: chrome on windows (e80d064b9ce91d4a06ec7544bb2f0c51)] -> xpath: .//div[@class = 'css-2imjyh']/span[@class='css-sid0p6']], [[ChromeDriver: chrome on windows (e80d064b9ce91d4a06ec7544bb2f0c51)] -> xpath: .//div[@class = 'css-2imjyh']/span[@class='css-sid0p6']], [[ChromeDriver: chrome on windows (e80d064b9ce91d4a06ec7544bb2f0c51)] -> xpath: .//div[@class = 'css-2imjyh']/span[@class='css-sid0p6']], [[ChromeDriver: chrome on windows (e80d064b9ce91d4a06ec7544bb2f0c51)] -> xpath: .//div[@class = 'css-2imjyh']/span[@class='css-sid0p6']], [[ChromeDriver: chrome on windows (e80d064b9ce91d4a06ec7544bb2f0c51)] -> xpath: .//div[@class = 'css-2imjyh']/span[@class='css-sid0p6']], [[ChromeDriver: chrome on windows (e80d064b9ce91d4a06ec7544bb2f0c51)] -> xpath: .//div[@class = 'css-2imjyh']/span[@class='css-sid0p6']], [[ChromeDriver: chrome on windows (e80d064b9ce91d4a06ec7544bb2f0c51)] -> xpath: .//div[@class = 'css-2imjyh']/span[@class='css-sid0p6']], [[ChromeDriver: chrome on windows (e80d064b9ce91d4a06ec7544bb2f0c51)] -> xpath: .//div[@class = 'css-2imjyh']/span[@class='css-sid0p6']], [[ChromeDriver: chrome on windows (e80d064b9ce91d4a06ec7544bb2f0c51)] -> xpath: .//div[@class = 'css-2imjyh']/span[@class='css-sid0p6']], [[ChromeDriver: chrome on windows (e80d064b9ce91d4a06ec7544bb2f0c51)] -> xpath: .//div[@class = 'css-2imjyh']/span[@class='css-sid0p6']], [[ChromeDriver: chrome on windows (e80d064b9ce91d4a06ec7544bb2f0c51)] -> xpath: .//div[@class = 'css-2imjyh']/span[@class='css-sid0p6']]]'","status":"passed","stage":"finished","steps":[],"attachments":[],"parameters":[],"start":1701860448461,"stop":1701860448461}],"attachments":[],"parameters":[],"start":1701860448422,"stop":1701860448462},{"name":"extracting 'ru.karpov.NewsPageSteps$$Lambda$899/0x000002b7014ea000@76337ec'","status":"broken","statusDetails":{"known":false,"muted":false,"flaky":false,"message":"stale element reference: stale element not found\n  (Session info: chrome=119.0.6045.200)\nFor documentation on this error, please visit: https://www.selenium.dev/documentation/webdriver/troubleshooting/errors#stale-element-reference-exception\nBuild info: version: '4.15.0', revision: '1d14b5521b'\nSystem info: os.name: 'Windows 10', os.arch: 'amd64', os.version: '10.0', java.version: '17.0.9'\nDriver info: org.openqa.selenium.chrome.ChromeDriver\nCommand: [e80d064b9ce91d4a06ec7544bb2f0c51, getElementText {id=F87EA1B800E0431DFB1EA343852998A9_element_84}]\nCapabilities {acceptInsecureCerts: false, browserName: chrome, browserVersion: 119.0.6045.200, chrome: {chromedriverVersion: 119.0.6045.105 (38c72552c5e..., userDataDir: C:\\Users\\BSPB\\AppData\\Local...}, fedcm:accounts: true, goog:chromeOptions: {debuggerAddress: localhost:61862}, networkConnectionEnabled: false, pageLoadStrategy: normal, platformName: windows, proxy: Proxy(), se:cdp: ws://localhost:61862/devtoo..., se:cdpVersion: 119.0.6045.200, setWindowRect: true, strictFileInteractability: false, timeouts: {implicit: 0, pageLoad: 300000, script: 30000}, unhandledPromptBehavior: dismiss and notify, webauthn:extension:credBlob: true, webauthn:extension:largeBlob: true, webauthn:extension:minPinLength: true, webauthn:extension:prf: true, webauthn:virtualAuthenticators: true}\nElement: [[ChromeDriver: chrome on windows (e80d064b9ce91d4a06ec7544bb2f0c51)] -> xpath: .//div[@class = 'css-2imjyh']/span[@class='css-sid0p6']]\nSession ID: e80d064b9ce91d4a06ec7544bb2f0c51","trace":"org.openqa.selenium.StaleElementReferenceException: stale element reference: stale element not found\n  (Session info: chrome=119.0.6045.200)\nFor documentation on this error, please visit: https://www.selenium.dev/documentation/webdriver/troubleshooting/errors#stale-element-reference-exception\nBuild info: version: '4.15.0', revision: '1d14b5521b'\nSystem info: os.name: 'Windows 10', os.arch: 'amd64', os.version: '10.0', java.version: '17.0.9'\nDriver info: org.openqa.selenium.chrome.ChromeDriver\nCommand: [e80d064b9ce91d4a06ec7544bb2f0c51, getElementText {id=F87EA1B800E0431DFB1EA343852998A9_element_84}]\nCapabilities {acceptInsecureCerts: false, browserName: chrome, browserVersion: 119.0.6045.200, chrome: {chromedriverVersion: 119.0.6045.105 (38c72552c5e..., userDataDir: C:\\Users\\BSPB\\AppData\\Local...}, fedcm:accounts: true, goog:chromeOptions: {debuggerAddress: localhost:61862}, networkConnectionEnabled: false, pageLoadStrategy: normal, platformName: windows, proxy: Proxy(), se:cdp: ws://localhost:61862/devtoo..., se:cdpVersion: 119.0.6045.200, setWindowRect: true, strictFileInteractability: false, timeouts: {implicit: 0, pageLoad: 300000, script: 30000}, unhandledPromptBehavior: dismiss and notify, webauthn:extension:credBlob: true, webauthn:extension:largeBlob: true, webauthn:extension:minPinLength: true, webauthn:extension:prf: true, webauthn:virtualAuthenticators: true}\nElement: [[ChromeDriver: chrome on windows (e80d064b9ce91d4a06ec7544bb2f0c51)] -> xpath: .//div[@class = 'css-2imjyh']/span[@class='css-sid0p6']]\nSession ID: e80d064b9ce91d4a06ec7544bb2f0c51\r\n\tat java.base/jdk.internal.reflect.NativeConstructorAccessorImpl.newInstance0(Native Method)\r\n\tat java.base/jdk.internal.reflect.NativeConstructorAccessorImpl.newInstance(NativeConstructorAccessorImpl.java:77)\r\n\tat java.base/jdk.internal.reflect.DelegatingConstructorAccessorImpl.newInstance(DelegatingConstructorAccessorImpl.java:45)\r\n\tat java.base/java.lang.reflect.Constructor.newInstanceWithCaller(Constructor.java:499)\r\n\tat java.base/java.lang.reflect.Constructor.newInstance(Constructor.java:480)\r\n\tat org.openqa.selenium.remote.codec.w3c.W3CHttpResponseCodec.createException(W3CHttpResponseCodec.java:200)\r\n\tat org.openqa.selenium.remote.codec.w3c.W3CHttpResponseCodec.decode(W3CHttpResponseCodec.java:133)\r\n\tat org.openqa.selenium.remote.codec.w3c.W3CHttpResponseCodec.decode(W3CHttpResponseCodec.java:52)\r\n\tat org.openqa.selenium.remote.HttpCommandExecutor.execute(HttpCommandExecutor.java:191)\r\n\tat org.openqa.selenium.remote.service.DriverCommandExecutor.invokeExecute(DriverCommandExecutor.java:200)\r\n\tat org.openqa.selenium.remote.service.DriverCommandExecutor.execute(DriverCommandExecutor.java:175)\r\n\tat org.openqa.selenium.remote.RemoteWebDriver.execute(RemoteWebDriver.java:607)\r\n\tat org.openqa.selenium.remote.RemoteWebElement.execute(RemoteWebElement.java:224)\r\n\tat org.openqa.selenium.remote.RemoteWebElement.getText(RemoteWebElement.java:192)\r\n\tat org.assertj.core.api.iterable.ThrowingExtractor.apply(ThrowingExtractor.java:36)\r\n\tat java.base/java.util.stream.ReferencePipeline$3$1.accept(ReferencePipeline.java:197)\r\n\tat java.base/java.util.ArrayList$ArrayListSpliterator.forEachRemaining(ArrayList.java:1625)\r\n\tat java.base/java.util.stream.AbstractPipeline.copyInto(AbstractPipeline.java:509)\r\n\tat java.base/java.util.stream.AbstractPipeline.wrapAndCopyInto(AbstractPipeline.java:499)\r\n\tat java.base/java.util.stream.ReduceOps$ReduceOp.evaluateSequential(ReduceOps.java:921)\r\n\tat java.base/java.util.stream.AbstractPipeline.evaluate(AbstractPipeline.java:234)\r\n\tat java.base/java.util.stream.ReferencePipeline.collect(ReferencePipeline.java:682)\r\n\tat org.assertj.core.groups.FieldsOrPropertiesExtractor.extract(FieldsOrPropertiesExtractor.java:64)\r\n\tat org.assertj.core.api.AbstractIterableAssert.internalExtracting(AbstractIterableAssert.java:1397)\r\n\tat org.assertj.core.api.AbstractIterableAssert.extracting(AbstractIterableAssert.java:1477)\r\n\tat ru.karpov.NewsPageSteps.все_отобразившиеся_новости_имеют_данную_категорию(NewsPageSteps.java:89)\r\n\tat java.base/jdk.internal.reflect.NativeMethodAccessorImpl.invoke0(Native Method)\r\n\tat java.base/jdk.internal.reflect.NativeMethodAccessorImpl.invoke(NativeMethodAccessorImpl.java:77)\r\n\tat java.base/jdk.internal.reflect.DelegatingMethodAccessorImpl.invoke(DelegatingMethodAccessorImpl.java:43)\r\n\tat java.base/java.lang.reflect.Method.invoke(Method.java:568)\r\n\tat io.cucumber.java.Invoker.doInvoke(Invoker.java:66)\r\n\tat io.cucumber.java.Invoker.invoke(Invoker.java:24)\r\n\tat io.cucumber.java.AbstractGlueDefinition.invokeMethod(AbstractGlueDefinition.java:47)\r\n\tat io.cucumber.java.JavaStepDefinition.execute(JavaStepDefinition.java:29)\r\n\tat io.cucumber.core.runner.CoreStepDefinition.execute(CoreStepDefinition.java:66)\r\n\tat io.cucumber.core.runner.PickleStepDefinitionMatch.runStep(PickleStepDefinitionMatch.java:63)\r\n\tat io.cucumber.core.runner.ExecutionMode$1.execute(ExecutionMode.java:10)\r\n\tat io.cucumber.core.runner.TestStep.executeStep(TestStep.java:84)\r\n\tat io.cucumber.core.runner.TestStep.run(TestStep.java:56)\r\n\tat io.cucumber.core.runner.PickleStepTestStep.run(PickleStepTestStep.java:51)\r\n\tat io.cucumber.core.runner.TestCase.run(TestCase.java:84)\r\n\tat io.cucumber.core.runner.Runner.runPickle(Runner.java:75)\r\n\tat io.cucumber.junit.PickleRunners$NoStepDescriptions.lambda$run$0(PickleRunners.java:151)\r\n\tat io.cucumber.core.runtime.CucumberExecutionContext.lambda$runTestCase$5(CucumberExecutionContext.java:137)\r\n\tat io.cucumber.core.runtime.RethrowingThrowableCollector.executeAndThrow(RethrowingThrowableCollector.java:23)\r\n\tat io.cucumber.core.runtime.CucumberExecutionContext.runTestCase(CucumberExecutionContext.java:137)\r\n\tat io.cucumber.junit.PickleRunners$NoStepDescriptions.run(PickleRunners.java:148)\r\n\tat io.cucumber.junit.FeatureRunner.runChild(FeatureRunner.java:144)\r\n\tat io.cucumber.junit.FeatureRunner.runChild(FeatureRunner.java:28)\r\n\tat org.junit.runners.ParentRunner$4.run(ParentRunner.java:331)\r\n\tat org.junit.runners.ParentRunner$1.schedule(ParentRunner.java:79)\r\n\tat org.junit.runners.ParentRunner.runChildren(ParentRunner.java:329)\r\n\tat org.junit.runners.ParentRunner.access$100(ParentRunner.java:66)\r\n\tat org.junit.runners.ParentRunner$2.evaluate(ParentRunner.java:293)\r\n\tat org.junit.runners.ParentRunner$3.evaluate(ParentRunner.java:306)\r\n\tat org.junit.runners.ParentRunner.run(ParentRunner.java:413)\r\n\tat io.cucumber.junit.FeatureRunner.run(FeatureRunner.java:137)\r\n\tat io.cucumber.junit.Cucumber.runChild(Cucumber.java:196)\r\n\tat io.cucumber.junit.Cucumber.runChild(Cucumber.java:89)\r\n\tat org.junit.runners.ParentRunner$4.run(ParentRunner.java:331)\r\n\tat org.junit.runners.ParentRunner$1.schedule(ParentRunner.java:79)\r\n\tat org.junit.runners.ParentRunner.runChildren(ParentRunner.java:329)\r\n\tat org.junit.runners.ParentRunner.access$100(ParentRunner.java:66)\r\n\tat org.junit.runners.ParentRunner$2.evaluate(ParentRunner.java:293)\r\n\tat io.cucumber.core.runtime.CucumberExecutionContext.lambda$runFeatures$6(CucumberExecutionContext.java:148)\r\n\tat io.cucumber.core.runtime.CucumberExecutionContext.execute(CucumberExecutionContext.java:163)\r\n\tat io.cucumber.core.runtime.CucumberExecutionContext.runFeatures(CucumberExecutionContext.java:146)\r\n\tat io.cucumber.junit.Cucumber$StartAndFinishTestRun.evaluate(Cucumber.java:226)\r\n\tat org.junit.runners.ParentRunner$3.evaluate(ParentRunner.java:306)\r\n\tat org.junit.runners.ParentRunner.run(ParentRunner.java:413)\r\n\tat org.gradle.api.internal.tasks.testing.junit.JUnitTestClassExecutor.runTestClass(JUnitTestClassExecutor.java:112)\r\n\tat org.gradle.api.internal.tasks.testing.junit.JUnitTestClassExecutor.execute(JUnitTestClassExecutor.java:58)\r\n\tat org.gradle.api.internal.tasks.testing.junit.JUnitTestClassExecutor.execute(JUnitTestClassExecutor.java:40)\r\n\tat org.gradle.api.internal.tasks.testing.junit.AbstractJUnitTestClassProcessor.processTestClass(AbstractJUnitTestClassProcessor.java:60)\r\n\tat org.gradle.api.internal.tasks.testing.SuiteTestClassProcessor.processTestClass(SuiteTestClassProcessor.java:52)\r\n\tat java.base/jdk.internal.reflect.NativeMethodAccessorImpl.invoke0(Native Method)\r\n\tat java.base/jdk.internal.reflect.NativeMethodAccessorImpl.invoke(NativeMethodAccessorImpl.java:77)\r\n\tat java.base/jdk.internal.reflect.DelegatingMethodAccessorImpl.invoke(DelegatingMethodAccessorImpl.java:43)\r\n\tat java.base/java.lang.reflect.Method.invoke(Method.java:568)\r\n\tat org.gradle.internal.dispatch.ReflectionDispatch.dispatch(ReflectionDispatch.java:36)\r\n\tat org.gradle.internal.dispatch.ReflectionDispatch.dispatch(ReflectionDispatch.java:24)\r\n\tat org.gradle.internal.dispatch.ContextClassLoaderDispatch.dispatch(ContextClassLoaderDispatch.java:33)\r\n\tat org.gradle.internal.dispatch.ProxyDispatchAdapter$DispatchingInvocationHandler.invoke(ProxyDispatchAdapter.java:94)\r\n\tat jdk.proxy1/jdk.proxy1.$Proxy2.processTestClass(Unknown Source)\r\n\tat org.gradle.api.internal.tasks.testing.worker.TestWorker$2.run(TestWorker.java:176)\r\n\tat org.gradle.api.internal.tasks.testing.worker.TestWorker.executeAndMaintainThreadName(TestWorker.java:129)\r\n\tat org.gradle.api.internal.tasks.testing.worker.TestWorker.execute(TestWorker.java:100)\r\n\tat org.gradle.api.internal.tasks.testing.worker.TestWorker.execute(TestWorker.java:60)\r\n\tat org.gradle.process.internal.worker.child.ActionExecutionWorker.execute(ActionExecutionWorker.java:56)\r\n\tat org.gradle.process.internal.worker.child.SystemApplicationClassLoaderWorker.call(SystemApplicationClassLoaderWorker.java:113)\r\n\tat org.gradle.process.internal.worker.child.SystemApplicationClassLoaderWorker.call(SystemApplicationClassLoaderWorker.java:65)\r\n\tat worker.org.gradle.process.internal.worker.GradleWorkerMain.run(GradleWorkerMain.java:69)\r\n\tat worker.org.gradle.process.internal.worker.GradleWorkerMain.main(GradleWorkerMain.java:74)\r\n"},"stage":"finished","steps":[],"attachments":[],"parameters":[],"start":1701860448462,"stop":1701860448649}],"attachments":[],"parameters":[],"start":1701860448382,"stop":1701860448651},{"name":"Затем  закрыть страницу","status":"skipped","statusDetails":{"known":false,"muted":false,"flaky":false},"stage":"finished","steps":[],"attachments":[],"parameters":[],"start":1701860448652,"stop":1701860448653}],"attachments":[],"parameters":[{"name":"категорию","value":"\"Частным клиентам\""},{"name":"данную категорию","value":"\"ЧАСТНЫМ КЛИЕНТАМ\""}],"start":1701860443870,"stop":1701860448655}