<?xml version="1.0" encoding="UTF-8"?>
<testsuite name="Тестирование новостной страницы сайта" tests="3" skipped="0" failures="2" errors="0" timestamp="2023-12-06T11:00:32" hostname="LAPTOP-65K5U4D1" time="16.376">
  <properties/>
  <testcase name="Проверка смены года в фильтре новостей #1" classname="Тестирование новостной страницы сайта" time="6.163"/>
  <testcase name="Проверка смены года в фильтре новостей #2" classname="Тестирование новостной страницы сайта" time="5.395">
    <failure message="java.lang.AssertionError: [Дата должна содержать указанный год] &#13;&#10;Expecting actual:&#13;&#10;  &quot;06 ДЕКАБРЯ 2023&quot;&#13;&#10;to end with:&#13;&#10;  &quot;2021&quot;&#13;&#10;" type="java.lang.AssertionError">java.lang.AssertionError: [Дата должна содержать указанный год] 
Expecting actual:
  &quot;06 ДЕКАБРЯ 2023&quot;
to end with:
  &quot;2021&quot;

	at ru.karpov.NewsPageSteps.все_новости_должны_содержать_в_дате(NewsPageSteps.java:58)
	at ✽.все новости должны содержать &quot;2021&quot; в дате(file:///C:/Users/BSPB/IdeaProjects/BSBPAutoTest/src/test/resources/features/newsPage.feature:8)
</failure>
  </testcase>
  <testcase name="Проверка смены категории в фильтре новостей" classname="Тестирование новостной страницы сайта" time="4.809">
    <failure message="org.openqa.selenium.StaleElementReferenceException: stale element reference: stale element not found&#10;  (Session info: chrome=119.0.6045.200)&#10;For documentation on this error, please visit: https://www.selenium.dev/documentation/webdriver/troubleshooting/errors#stale-element-reference-exception&#10;Build info: version: '4.15.0', revision: '1d14b5521b'&#10;System info: os.name: 'Windows 10', os.arch: 'amd64', os.version: '10.0', java.version: '17.0.9'&#10;Driver info: org.openqa.selenium.chrome.ChromeDriver&#10;Command: [e80d064b9ce91d4a06ec7544bb2f0c51, getElementText {id=F87EA1B800E0431DFB1EA343852998A9_element_84}]&#10;Capabilities {acceptInsecureCerts: false, browserName: chrome, browserVersion: 119.0.6045.200, chrome: {chromedriverVersion: 119.0.6045.105 (38c72552c5e..., userDataDir: C:\Users\BSPB\AppData\Local...}, fedcm:accounts: true, goog:chromeOptions: {debuggerAddress: localhost:61862}, networkConnectionEnabled: false, pageLoadStrategy: normal, platformName: windows, proxy: Proxy(), se:cdp: ws://localhost:61862/devtoo..., se:cdpVersion: 119.0.6045.200, setWindowRect: true, strictFileInteractability: false, timeouts: {implicit: 0, pageLoad: 300000, script: 30000}, unhandledPromptBehavior: dismiss and notify, webauthn:extension:credBlob: true, webauthn:extension:largeBlob: true, webauthn:extension:minPinLength: true, webauthn:extension:prf: true, webauthn:virtualAuthenticators: true}&#10;Element: [[ChromeDriver: chrome on windows (e80d064b9ce91d4a06ec7544bb2f0c51)] -&gt; xpath: .//div[@class = 'css-2imjyh']/span[@class='css-sid0p6']]&#10;Session ID: e80d064b9ce91d4a06ec7544bb2f0c51" type="org.openqa.selenium.StaleElementReferenceException">org.openqa.selenium.StaleElementReferenceException: stale element reference: stale element not found
  (Session info: chrome=119.0.6045.200)
For documentation on this error, please visit: https://www.selenium.dev/documentation/webdriver/troubleshooting/errors#stale-element-reference-exception
Build info: version: '4.15.0', revision: '1d14b5521b'
System info: os.name: 'Windows 10', os.arch: 'amd64', os.version: '10.0', java.version: '17.0.9'
Driver info: org.openqa.selenium.chrome.ChromeDriver
Command: [e80d064b9ce91d4a06ec7544bb2f0c51, getElementText {id=F87EA1B800E0431DFB1EA343852998A9_element_84}]
Capabilities {acceptInsecureCerts: false, browserName: chrome, browserVersion: 119.0.6045.200, chrome: {chromedriverVersion: 119.0.6045.105 (38c72552c5e..., userDataDir: C:\Users\BSPB\AppData\Local...}, fedcm:accounts: true, goog:chromeOptions: {debuggerAddress: localhost:61862}, networkConnectionEnabled: false, pageLoadStrategy: normal, platformName: windows, proxy: Proxy(), se:cdp: ws://localhost:61862/devtoo..., se:cdpVersion: 119.0.6045.200, setWindowRect: true, strictFileInteractability: false, timeouts: {implicit: 0, pageLoad: 300000, script: 30000}, unhandledPromptBehavior: dismiss and notify, webauthn:extension:credBlob: true, webauthn:extension:largeBlob: true, webauthn:extension:minPinLength: true, webauthn:extension:prf: true, webauthn:virtualAuthenticators: true}
Element: [[ChromeDriver: chrome on windows (e80d064b9ce91d4a06ec7544bb2f0c51)] -&gt; xpath: .//div[@class = 'css-2imjyh']/span[@class='css-sid0p6']]
Session ID: e80d064b9ce91d4a06ec7544bb2f0c51
	at java.base@17.0.9/jdk.internal.reflect.NativeConstructorAccessorImpl.newInstance0(Native Method)
	at java.base@17.0.9/jdk.internal.reflect.NativeConstructorAccessorImpl.newInstance(NativeConstructorAccessorImpl.java:77)
	at java.base@17.0.9/jdk.internal.reflect.DelegatingConstructorAccessorImpl.newInstance(DelegatingConstructorAccessorImpl.java:45)
	at java.base@17.0.9/java.lang.reflect.Constructor.newInstanceWithCaller(Constructor.java:499)
	at java.base@17.0.9/java.lang.reflect.Constructor.newInstance(Constructor.java:480)
	at app//org.openqa.selenium.remote.codec.w3c.W3CHttpResponseCodec.createException(W3CHttpResponseCodec.java:200)
	at app//org.openqa.selenium.remote.codec.w3c.W3CHttpResponseCodec.decode(W3CHttpResponseCodec.java:133)
	at app//org.openqa.selenium.remote.codec.w3c.W3CHttpResponseCodec.decode(W3CHttpResponseCodec.java:52)
	at app//org.openqa.selenium.remote.HttpCommandExecutor.execute(HttpCommandExecutor.java:191)
	at app//org.openqa.selenium.remote.service.DriverCommandExecutor.invokeExecute(DriverCommandExecutor.java:200)
	at app//org.openqa.selenium.remote.service.DriverCommandExecutor.execute(DriverCommandExecutor.java:175)
	at app//org.openqa.selenium.remote.RemoteWebDriver.execute(RemoteWebDriver.java:607)
	at app//org.openqa.selenium.remote.RemoteWebElement.execute(RemoteWebElement.java:224)
	at app//org.openqa.selenium.remote.RemoteWebElement.getText(RemoteWebElement.java:192)
	at app//org.assertj.core.api.iterable.ThrowingExtractor.apply(ThrowingExtractor.java:36)
	at java.base@17.0.9/java.util.stream.ReferencePipeline$3$1.accept(ReferencePipeline.java:197)
	at java.base@17.0.9/java.util.ArrayList$ArrayListSpliterator.forEachRemaining(ArrayList.java:1625)
	at java.base@17.0.9/java.util.stream.AbstractPipeline.copyInto(AbstractPipeline.java:509)
	at java.base@17.0.9/java.util.stream.AbstractPipeline.wrapAndCopyInto(AbstractPipeline.java:499)
	at java.base@17.0.9/java.util.stream.ReduceOps$ReduceOp.evaluateSequential(ReduceOps.java:921)
	at java.base@17.0.9/java.util.stream.AbstractPipeline.evaluate(AbstractPipeline.java:234)
	at java.base@17.0.9/java.util.stream.ReferencePipeline.collect(ReferencePipeline.java:682)
	at app//org.assertj.core.groups.FieldsOrPropertiesExtractor.extract(FieldsOrPropertiesExtractor.java:64)
	at app//org.assertj.core.api.AbstractIterableAssert.internalExtracting(AbstractIterableAssert.java:1397)
	at app//org.assertj.core.api.AbstractIterableAssert.extracting(AbstractIterableAssert.java:1477)
	at app//ru.karpov.NewsPageSteps.все_отобразившиеся_новости_имеют_данную_категорию(NewsPageSteps.java:89)
	at ✽.все отобразившиеся новости имеют &quot;ЧАСТНЫМ КЛИЕНТАМ&quot;(file:///C:/Users/BSPB/IdeaProjects/BSBPAutoTest/src/test/resources/features/newsPage.feature:19)
</failure>
  </testcase>
  <system-out><![CDATA[14:00:32.308 [Test worker] DEBUG io.github.bonigarcia.wdm.WebDriverManager -- Using WebDriverManager 5.6.2
14:00:32.326 [Test worker] DEBUG io.github.bonigarcia.wdm.cache.ResolutionCache -- Resolution chrome=119 in cache (valid until 14:29:47 06/12/2023 MSK)
14:00:32.328 [Test worker] DEBUG io.github.bonigarcia.wdm.cache.ResolutionCache -- Resolution chrome119=119.0.6045.105 in cache (valid until 11:44:47 07/12/2023 MSK)
14:00:32.328 [Test worker] INFO io.github.bonigarcia.wdm.WebDriverManager -- Using chromedriver 119.0.6045.105 (resolved driver for Chrome 119)
14:00:32.340 [Test worker] DEBUG io.github.bonigarcia.wdm.WebDriverManager -- Driver chromedriver 119.0.6045.105 found in cache
14:00:32.347 [Test worker] INFO io.github.bonigarcia.wdm.WebDriverManager -- Exporting webdriver.chrome.driver as C:\Users\BSPB\.cache\selenium\chromedriver\win64\119.0.6045.105\chromedriver.exe
14:00:38.472 [Test worker] DEBUG io.github.bonigarcia.wdm.WebDriverManager -- Using WebDriverManager 5.6.2
14:00:38.503 [Test worker] DEBUG io.github.bonigarcia.wdm.cache.ResolutionCache -- Resolution chrome=119 in cache (valid until 14:29:47 06/12/2023 MSK)
14:00:38.504 [Test worker] DEBUG io.github.bonigarcia.wdm.cache.ResolutionCache -- Resolution chrome119=119.0.6045.105 in cache (valid until 11:44:47 07/12/2023 MSK)
14:00:38.506 [Test worker] INFO io.github.bonigarcia.wdm.WebDriverManager -- Using chromedriver 119.0.6045.105 (resolved driver for Chrome 119)
14:00:38.518 [Test worker] DEBUG io.github.bonigarcia.wdm.WebDriverManager -- Driver chromedriver 119.0.6045.105 found in cache
14:00:38.519 [Test worker] INFO io.github.bonigarcia.wdm.WebDriverManager -- Exporting webdriver.chrome.driver as C:\Users\BSPB\.cache\selenium\chromedriver\win64\119.0.6045.105\chromedriver.exe
14:00:43.873 [Test worker] DEBUG io.github.bonigarcia.wdm.WebDriverManager -- Using WebDriverManager 5.6.2
14:00:43.897 [Test worker] DEBUG io.github.bonigarcia.wdm.cache.ResolutionCache -- Resolution chrome=119 in cache (valid until 14:29:47 06/12/2023 MSK)
14:00:43.899 [Test worker] DEBUG io.github.bonigarcia.wdm.cache.ResolutionCache -- Resolution chrome119=119.0.6045.105 in cache (valid until 11:44:47 07/12/2023 MSK)
14:00:43.900 [Test worker] INFO io.github.bonigarcia.wdm.WebDriverManager -- Using chromedriver 119.0.6045.105 (resolved driver for Chrome 119)
14:00:43.918 [Test worker] DEBUG io.github.bonigarcia.wdm.WebDriverManager -- Driver chromedriver 119.0.6045.105 found in cache
14:00:43.921 [Test worker] INFO io.github.bonigarcia.wdm.WebDriverManager -- Exporting webdriver.chrome.driver as C:\Users\BSPB\.cache\selenium\chromedriver\win64\119.0.6045.105\chromedriver.exe
]]></system-out>
  <system-err><![CDATA[]]></system-err>
</testsuite>
